lib_video_record/build/intermediates/manifest_merge_blame_file/debug/manifest-merger-blame-debug-report.txt
1<?xml version="1.0" encoding="utf-8"?>
2<manifest xmlns:android="http://schemas.android.com/apk/res/android"
3    package="com.style.lib.media.video" >
4
5    <uses-sdk android:minSdkVersion="21" />
5-->src\main\AndroidManifest.xml
6
7    <application>
7-->src\main\AndroidManifest.xml:3:5-12:19
8        <activity
8-->src\main\AndroidManifest.xml:4:9-6:58
9            android:name="com.style.lib.media.video.PlayVideoActivity"
9-->src\main\AndroidManifest.xml:5:13-71
10            android:theme="@style/LibVideoRecordTheme" />
10-->src\main\AndroidManifest.xml:6:13-55
11        <activity android:name="com.style.lib.media.video.VideoRecordOldActivity" />
11-->src\main\AndroidManifest.xml:7:9-85
11-->src\main\AndroidManifest.xml:7:19-82
12        <activity
12-->src\main\AndroidManifest.xml:8:9-10:58
13            android:name="com.style.lib.media.camera2video.Camera2Activity"
13-->src\main\AndroidManifest.xml:9:13-76
14            android:theme="@style/LibVideoRecordTheme" />
14-->src\main\AndroidManifest.xml:10:13-55
15    </application>
16
17</manifest>